#
# A fatal error has been detected by the Java Runtime Environment:
#
#  EXCEPTION_ACCESS_VIOLATION (0xc0000005) at pc=0x00000000659c49c8, pid=2944, tid=2576
#
# JRE version: Java(TM) SE Runtime Environment (8.0_25-b18) (build 1.8.0_25-b18)
# Java VM: Java HotSpot(TM) 64-Bit Server VM (25.25-b02 mixed mode windows-amd64 compressed oops)
# Problematic frame:
# V  [jvm.dll+0x1049c8]
#
# Failed to write core dump. Minidumps are not enabled by default on client versions of Windows
#
# If you would like to submit a bug report, please visit:
#   http://bugreport.sun.com/bugreport/crash.jsp
#

---------------  T H R E A D  ---------------

Current thread (0x00000000024a5800):  GCTaskThread [stack: 0x0000000011ff0000,0x00000000120f0000] [id=2576]

siginfo: ExceptionCode=0xc0000005, reading address 0xffffffffffffffff

Registers:
RAX=0x0000000012370000, RBX=0x0000000000004000, RCX=0x0000000000000000, RDX=0x0000000000000000
RSP=0x00000000120ef740, RBP=0x00000000c04443f0, RSI=0x0000000000000003, RDI=0x000000000256f9e0
R8 =0x007fffffffa00020, R9 =0x0000000000000003, R10=0x000000000000000c, R11=0x00000000000007c8
R12=0x00000000c04443f4, R13=0x000000001459b028, R14=0x000000001459b030, R15=0x00000000c04443d8
RIP=0x00000000659c49c8, EFLAGS=0x0000000000010246

Top of Stack: (sp=0x00000000120ef740)
0x00000000120ef740:   00000000c04443f8 00000000c04443e8
0x00000000120ef750:   0000000000000003 000000000256f9e0
0x00000000120ef760:   0000000000000000 00000000000003d8
0x00000000120ef770:   000000000249e728 00000000024a53f0
0x00000000120ef780:   00000000000007c8 0000000065c96760
0x00000000120ef790:   0000000055193e80 0000000054de54a0
0x00000000120ef7a0:   000000000256f9e0 000000000249e350
0x00000000120ef7b0:   0000000000000000 0000000000000c00
0x00000000120ef7c0:   0000000000000000 0000000000000000
0x00000000120ef7d0:   0000000000000000 0000000057318000
0x00000000120ef7e0:   000000000249e301 000000000249e301
0x00000000120ef7f0:   00008d15fc544e97 000000000249e728
0x00000000120ef800:   000000000249e350 00000000000003d8
0x00000000120ef810:   000000000249e350 00000000024a53f0
0x00000000120ef820:   000000000249e340 0000000054de54a0
0x00000000120ef830:   000000000256f9e0 0000000065c9371c 

Instructions: (pc=0x00000000659c49c8)
0x00000000659c49a8:   05 e3 8a 6d 00 49 c1 e8 03 49 d3 e8 41 0f b6 c0
0x00000000659c49b8:   49 c1 e8 06 24 3f 0f b6 d0 48 8b 05 f8 8a 6d 00
0x00000000659c49c8:   4a 8b 0c c0 48 0f a3 d1 0f 82 59 01 00 00 0f b6
0x00000000659c49d8:   15 6c f9 6c 00 84 d2 74 16 44 8b 43 08 8b 0d 5d 


Register to memory mapping:

RAX=0x0000000012370000 is an unknown value
RBX=0x0000000000004000 is an unknown value
RCX=0x0000000000000000 is an unknown value
RDX=0x0000000000000000 is an unknown value
RSP=0x00000000120ef740 is an unknown value
RBP=0x00000000c04443f0 is pointing into object: 0x00000000c04443d8
java.io.File 
 - klass: 'java/io/File'
RSI=0x0000000000000003 is an unknown value
RDI=0x000000000256f9e0 is an unknown value
R8 =0x007fffffffa00020 is an unknown value
R9 =0x0000000000000003 is an unknown value
R10=0x000000000000000c is an unknown value
R11=0x00000000000007c8 is an unknown value
R12=0x00000000c04443f4 is pointing into object: 0x00000000c04443d8
java.io.File 
 - klass: 'java/io/File'
R13=0x000000001459b028 is pointing into metadata
R14=0x000000001459b030 is pointing into metadata
R15=0x00000000c04443d8 is an oop
java.io.File 
 - klass: 'java/io/File'


Stack: [0x0000000011ff0000,0x00000000120f0000],  sp=0x00000000120ef740,  free space=1021k
Native frames: (J=compiled Java code, j=interpreted, Vv=VM code, C=native code)
V  [jvm.dll+0x1049c8]
V  [jvm.dll+0x3d6760]
V  [jvm.dll+0x3d371c]
V  [jvm.dll+0x3d14ae]
V  [jvm.dll+0x2852fa]
C  [msvcr100.dll+0x21d9f]
C  [msvcr100.dll+0x21e3b]
C  [kernel32.dll+0x159ed]
C  [ntdll.dll+0x2c541]


---------------  P R O C E S S  ---------------

Java Threads: ( => current thread )
  0x0000000057318000 JavaThread "Stdin handler" [_thread_blocked, id=4744, stack(0x0000000058f50000,0x0000000059050000)]
  0x000000005731e000 JavaThread "Daemon worker" [_thread_blocked, id=2788, stack(0x0000000058ba0000,0x0000000058ca0000)]
  0x000000005742e000 JavaThread "Cancel handler" [_thread_blocked, id=4944, stack(0x0000000058cd0000,0x0000000058dd0000)]
  0x00000000573fb800 JavaThread "Handler for socket connection from /127.0.0.1:53523 to /127.0.0.1:53524" [_thread_in_native, id=2544, stack(0x0000000058a00000,0x0000000058b00000)]
  0x00000000573f7800 JavaThread "Daemon" [_thread_blocked, id=3392, stack(0x00000000587f0000,0x00000000588f0000)]
  0x000000005728f800 JavaThread "Incoming local TCP Connector on port 53523" [_thread_in_native, id=2820, stack(0x0000000058450000,0x0000000058550000)]
  0x0000000056270800 JavaThread "Service Thread" daemon [_thread_blocked, id=2852, stack(0x0000000056710000,0x0000000056810000)]
  0x0000000054f26800 JavaThread "C1 CompilerThread1" daemon [_thread_blocked, id=2528, stack(0x0000000055c30000,0x0000000055d30000)]
  0x0000000054f1a000 JavaThread "C2 CompilerThread0" daemon [_thread_blocked, id=2712, stack(0x0000000056160000,0x0000000056260000)]
  0x0000000054f19000 JavaThread "Attach Listener" daemon [_thread_blocked, id=3244, stack(0x0000000055f70000,0x0000000056070000)]
  0x0000000054f18000 JavaThread "Signal Dispatcher" daemon [_thread_blocked, id=448, stack(0x0000000055e30000,0x0000000055f30000)]
  0x0000000054ea4800 JavaThread "Finalizer" daemon [_thread_blocked, id=4676, stack(0x0000000055d30000,0x0000000055e30000)]
  0x0000000054ea1800 JavaThread "Reference Handler" daemon [_thread_blocked, id=3268, stack(0x0000000055af0000,0x0000000055bf0000)]
  0x000000000246f000 JavaThread "main" [_thread_blocked, id=3644, stack(0x0000000002850000,0x0000000002950000)]

Other Threads:
  0x0000000054e9b800 VMThread [stack: 0x0000000055920000,0x0000000055a20000] [id=3132]
  0x000000005627e000 WatcherThread [stack: 0x00000000568e0000,0x00000000569e0000] [id=3608]

=>0x00000000024a5800 (exited) GCTaskThread [stack: 0x0000000011ff0000,0x00000000120f0000] [id=2576]

VM state:at safepoint (normal execution)

VM Mutex/Monitor currently owned by a thread:  ([mutex/lock_event])
[0x000000000246d0f0] Threads_lock - owner thread: 0x0000000054e9b800
[0x000000000246d5f0] Heap_lock - owner thread: 0x000000005731e000

Heap:
 PSYoungGen      total 73216K, used 5430K [0x00000000eab00000, 0x00000000efa00000, 0x0000000100000000)
  eden space 65536K, 0% used [0x00000000eab00000,0x00000000eab00000,0x00000000eeb00000)
  from space 7680K, 70% used [0x00000000ef280000,0x00000000ef7cdaa0,0x00000000efa00000)
  to   space 7680K, 0% used [0x00000000eeb00000,0x00000000eeb00000,0x00000000ef280000)
 ParOldGen       total 44032K, used 10703K [0x00000000c0000000, 0x00000000c2b00000, 0x00000000eab00000)
  object space 44032K, 24% used [0x00000000c0000000,0x00000000c0a73f98,0x00000000c2b00000)
 Metaspace       used 20922K, capacity 21190K, committed 21296K, reserved 1067008K
  class space    used 2818K, capacity 2935K, committed 2944K, reserved 1048576K

Card table byte_map: [0x0000000011d10000,0x0000000011f20000] byte_map_base: 0x0000000011710000

Marking Bits: (ParMarkBitMap*) 0x000000006609d490
 Begin Bits: [0x0000000012370000, 0x0000000013370000)
 End Bits:   [0x0000000013370000, 0x0000000014370000)

Polling page: 0x0000000000430000

CodeCache: size=245760Kb used=6151Kb max_used=6151Kb free=239608Kb
 bounds [0x0000000002950000, 0x0000000002f60000, 0x0000000011950000]
 total_blobs=2151 nmethods=1775 adapters=290
 compilation: enabled

Compilation events (10 events):
Event: 3.793 Thread 0x0000000054f26800 1771       1       groovy.lang.MetaBeanProperty::getSetter (5 bytes)
Event: 3.793 Thread 0x0000000054f26800 nmethod 1771 0x0000000002f43790 code [0x0000000002f438e0, 0x0000000002f439f0]
Event: 3.797 Thread 0x0000000054f26800 1772       3       java.io.File::isDirectory (43 bytes)
Event: 3.797 Thread 0x0000000054f26800 nmethod 1772 0x0000000002f54150 code [0x0000000002f542e0, 0x0000000002f54768]
Event: 3.808 Thread 0x0000000054f26800 1773       1       java.util.TreeMap::access$100 (5 bytes)
Event: 3.808 Thread 0x0000000054f26800 nmethod 1773 0x0000000002f54890 code [0x0000000002f549e0, 0x0000000002f54ad0]
Event: 3.809 Thread 0x0000000054f26800 1775       3       java.io.ObjectOutputStream$BlockDataOutputStream::writeUTF (46 bytes)
Event: 3.810 Thread 0x0000000054f26800 nmethod 1775 0x0000000002f54b50 code [0x0000000002f54d00, 0x0000000002f55138]
Event: 3.810 Thread 0x0000000054f26800 1774       1       java.io.ObjectStreamClass::isExternalizable (5 bytes)
Event: 3.810 Thread 0x0000000054f26800 nmethod 1774 0x0000000002f55310 code [0x0000000002f55460, 0x0000000002f55570]

GC Heap History (10 events):
Event: 1.502 GC heap after
Heap after GC invocations=2 (full 0):
 PSYoungGen      total 18944K, used 2539K [0x00000000eab00000, 0x00000000ed000000, 0x0000000100000000)
  eden space 16384K, 0% used [0x00000000eab00000,0x00000000eab00000,0x00000000ebb00000)
  from space 2560K, 99% used [0x00000000ecd80000,0x00000000ecffac28,0x00000000ed000000)
  to   space 2560K, 0% used [0x00000000ebb00000,0x00000000ebb00000,0x00000000ebd80000)
 ParOldGen       total 44032K, used 1369K [0x00000000c0000000, 0x00000000c2b00000, 0x00000000eab00000)
  object space 44032K, 3% used [0x00000000c0000000,0x00000000c0156780,0x00000000c2b00000)
 Metaspace       used 7476K, capacity 7724K, committed 8064K, reserved 1056768K
  class space    used 964K, capacity 1060K, committed 1152K, reserved 1048576K
}
Event: 2.202 GC heap before
{Heap before GC invocations=3 (full 0):
 PSYoungGen      total 18944K, used 18923K [0x00000000eab00000, 0x00000000ed000000, 0x0000000100000000)
  eden space 16384K, 100% used [0x00000000eab00000,0x00000000ebb00000,0x00000000ebb00000)
  from space 2560K, 99% used [0x00000000ecd80000,0x00000000ecffac28,0x00000000ed000000)
  to   space 2560K, 0% used [0x00000000ebb00000,0x00000000ebb00000,0x00000000ebd80000)
 ParOldGen       total 44032K, used 1369K [0x00000000c0000000, 0x00000000c2b00000, 0x00000000eab00000)
  object space 44032K, 3% used [0x00000000c0000000,0x00000000c0156780,0x00000000c2b00000)
 Metaspace       used 10956K, capacity 11248K, committed 11392K, reserved 1058816K
  class space    used 1460K, capacity 1550K, committed 1664K, reserved 1048576K
Event: 2.211 GC heap after
Heap after GC invocations=3 (full 0):
 PSYoungGen      total 18944K, used 2552K [0x00000000eab00000, 0x00000000ed000000, 0x0000000100000000)
  eden space 16384K, 0% used [0x00000000eab00000,0x00000000eab00000,0x00000000ebb00000)
  from space 2560K, 99% used [0x00000000ebb00000,0x00000000ebd7e010,0x00000000ebd80000)
  to   space 2560K, 0% used [0x00000000ecd80000,0x00000000ecd80000,0x00000000ed000000)
 ParOldGen       total 44032K, used 3588K [0x00000000c0000000, 0x00000000c2b00000, 0x00000000eab00000)
  object space 44032K, 8% used [0x00000000c0000000,0x00000000c0381370,0x00000000c2b00000)
 Metaspace       used 10956K, capacity 11248K, committed 11392K, reserved 1058816K
  class space    used 1460K, capacity 1550K, committed 1664K, reserved 1048576K
}
Event: 2.548 GC heap before
{Heap before GC invocations=4 (full 0):
 PSYoungGen      total 18944K, used 18817K [0x00000000eab00000, 0x00000000ed000000, 0x0000000100000000)
  eden space 16384K, 99% used [0x00000000eab00000,0x00000000ebae2460,0x00000000ebb00000)
  from space 2560K, 99% used [0x00000000ebb00000,0x00000000ebd7e010,0x00000000ebd80000)
  to   space 2560K, 0% used [0x00000000ecd80000,0x00000000ecd80000,0x00000000ed000000)
 ParOldGen       total 44032K, used 3588K [0x00000000c0000000, 0x00000000c2b00000, 0x00000000eab00000)
  object space 44032K, 8% used [0x00000000c0000000,0x00000000c0381370,0x00000000c2b00000)
 Metaspace       used 13043K, capacity 13436K, committed 13696K, reserved 1060864K
  class space    used 1782K, capacity 1872K, committed 1920K, reserved 1048576K
Event: 2.557 GC heap after
Heap after GC invocations=4 (full 0):
 PSYoungGen      total 35328K, used 2552K [0x00000000eab00000, 0x00000000ed000000, 0x0000000100000000)
  eden space 32768K, 0% used [0x00000000eab00000,0x00000000eab00000,0x00000000ecb00000)
  from space 2560K, 99% used [0x00000000ecd80000,0x00000000ecffe030,0x00000000ed000000)
  to   space 2560K, 0% used [0x00000000ecb00000,0x00000000ecb00000,0x00000000ecd80000)
 ParOldGen       total 44032K, used 6301K [0x00000000c0000000, 0x00000000c2b00000, 0x00000000eab00000)
  object space 44032K, 14% used [0x00000000c0000000,0x00000000c0627460,0x00000000c2b00000)
 Metaspace       used 13043K, capacity 13436K, committed 13696K, reserved 1060864K
  class space    used 1782K, capacity 1872K, committed 1920K, reserved 1048576K
}
Event: 3.233 GC heap before
{Heap before GC invocations=5 (full 0):
 PSYoungGen      total 35328K, used 35320K [0x00000000eab00000, 0x00000000ed000000, 0x0000000100000000)
  eden space 32768K, 100% used [0x00000000eab00000,0x00000000ecb00000,0x00000000ecb00000)
  from space 2560K, 99% used [0x00000000ecd80000,0x00000000ecffe030,0x00000000ed000000)
  to   space 2560K, 0% used [0x00000000ecb00000,0x00000000ecb00000,0x00000000ecd80000)
 ParOldGen       total 44032K, used 6301K [0x00000000c0000000, 0x00000000c2b00000, 0x00000000eab00000)
  object space 44032K, 14% used [0x00000000c0000000,0x00000000c0627460,0x00000000c2b00000)
 Metaspace       used 18106K, capacity 18446K, committed 18816K, reserved 1064960K
  class space    used 2475K, capacity 2579K, committed 2688K, reserved 1048576K
Event: 3.305 GC heap after
Heap after GC invocations=5 (full 0):
 PSYoungGen      total 35328K, used 2536K [0x00000000eab00000, 0x00000000efa00000, 0x0000000100000000)
  eden space 32768K, 0% used [0x00000000eab00000,0x00000000eab00000,0x00000000ecb00000)
  from space 2560K, 99% used [0x00000000ecb00000,0x00000000ecd7a040,0x00000000ecd80000)
  to   space 7680K, 0% used [0x00000000ef280000,0x00000000ef280000,0x00000000efa00000)
 ParOldGen       total 44032K, used 10703K [0x00000000c0000000, 0x00000000c2b00000, 0x00000000eab00000)
  object space 44032K, 24% used [0x00000000c0000000,0x00000000c0a73f98,0x00000000c2b00000)
 Metaspace       used 18106K, capacity 18446K, committed 18816K, reserved 1064960K
  class space    used 2475K, capacity 2579K, committed 2688K, reserved 1048576K
}
Event: 3.812 GC heap before
{Heap before GC invocations=6 (full 0):
 PSYoungGen      total 35328K, used 21629K [0x00000000eab00000, 0x00000000efa00000, 0x0000000100000000)
  eden space 32768K, 58% used [0x00000000eab00000,0x00000000ebda5590,0x00000000ecb00000)
  from space 2560K, 99% used [0x00000000ecb00000,0x00000000ecd7a040,0x00000000ecd80000)
  to   space 7680K, 0% used [0x00000000ef280000,0x00000000ef280000,0x00000000efa00000)
 ParOldGen       total 44032K, used 10703K [0x00000000c0000000, 0x00000000c2b00000, 0x00000000eab00000)
  object space 44032K, 24% used [0x00000000c0000000,0x00000000c0a73f98,0x00000000c2b00000)
 Metaspace       used 20922K, capacity 21190K, committed 21296K, reserved 1067008K
  class space    used 2818K, capacity 2935K, committed 2944K, reserved 1048576K
Event: 3.823 GC heap after
Heap after GC invocations=6 (full 0):
 PSYoungGen      total 73216K, used 5430K [0x00000000eab00000, 0x00000000efa00000, 0x0000000100000000)
  eden space 65536K, 0% used [0x00000000eab00000,0x00000000eab00000,0x00000000eeb00000)
  from space 7680K, 70% used [0x00000000ef280000,0x00000000ef7cdaa0,0x00000000efa00000)
  to   space 7680K, 0% used [0x00000000eeb00000,0x00000000eeb00000,0x00000000ef280000)
 ParOldGen       total 44032K, used 10703K [0x00000000c0000000, 0x00000000c2b00000, 0x00000000eab00000)
  object space 44032K, 24% used [0x00000000c0000000,0x00000000c0a73f98,0x00000000c2b00000)
 Metaspace       used 20922K, capacity 21190K, committed 21296K, reserved 1067008K
  class space    used 2818K, capacity 2935K, committed 2944K, reserved 1048576K
}
Event: 3.823 GC heap before
{Heap before GC invocations=7 (full 1):
 PSYoungGen      total 73216K, used 5430K [0x00000000eab00000, 0x00000000efa00000, 0x0000000100000000)
  eden space 65536K, 0% used [0x00000000eab00000,0x00000000eab00000,0x00000000eeb00000)
  from space 7680K, 70% used [0x00000000ef280000,0x00000000ef7cdaa0,0x00000000efa00000)
  to   space 7680K, 0% used [0x00000000eeb00000,0x00000000eeb00000,0x00000000ef280000)
 ParOldGen       total 44032K, used 10703K [0x00000000c0000000, 0x00000000c2b00000, 0x00000000eab00000)
  object space 44032K, 24% used [0x00000000c0000000,0x00000000c0a73f98,0x00000000c2b00000)
 Metaspace       used 20922K, capacity 21190K, committed 21296K, reserved 1067008K
  class space    used 2818K, capacity 2935K, committed 2944K, reserved 1048576K

Deoptimization events (10 events):
Event: 2.916 Thread 0x000000005731e000 Uncommon trap: reason=bimorphic action=maybe_recompile pc=0x0000000002d17a34 method=java.util.HashMap.putVal(ILjava/lang/Object;Ljava/lang/Object;ZZ)Ljava/lang/Object; @ 203
Event: 2.924 Thread 0x000000005731e000 Uncommon trap: reason=class_check action=maybe_recompile pc=0x0000000002dce7a8 method=org.gradle.internal.service.DefaultServiceRegistry$SingletonService.getService(Lorg/gradle/internal/service/DefaultServiceRegistry$LookupContext;Lorg/gradle/internal/serva2ö=¿c@
Event: 2.924 Thread 0x000000005731e000 Uncommon trap: reason=class_check action=maybe_recompile pc=0x0000000002dce7a8 method=org.gradle.internal.service.DefaultServiceRegistry$SingletonService.getService(Lorg/gradle/internal/service/DefaultServiceRegistry$LookupContext;Lorg/gradle/internal/serv/L” c@
Event: 2.924 Thread 0x000000005731e000 Uncommon trap: reason=class_check action=maybe_recompile pc=0x0000000002dce7a8 method=org.gradle.internal.service.DefaultServiceRegistry$SingletonService.getService(Lorg/gradle/internal/service/DefaultServiceRegistry$LookupContext;Lorg/gradle/internal/servO‚H±‘c@
Event: 2.924 Thread 0x000000005731e000 Uncommon trap: reason=class_check action=maybe_recompile pc=0x0000000002dce7a8 method=org.gradle.internal.service.DefaultServiceRegistry$SingletonService.getService(Lorg/gradle/internal/service/DefaultServiceRegistry$LookupContext;Lorg/gradle/internal/servF:◊Z‰R	@
Event: 3.165 Thread 0x000000005731e000 Uncommon trap: reason=class_check action=maybe_recompile pc=0x0000000002cb9a2c method=java.util.HashMap.putVal(ILjava/lang/Object;Ljava/lang/Object;ZZ)Ljava/lang/Object; @ 203
Event: 3.166 Thread 0x000000005731e000 Uncommon trap: reason=class_check action=maybe_recompile pc=0x0000000002cb9a2c method=java.util.HashMap.putVal(ILjava/lang/Object;Ljava/lang/Object;ZZ)Ljava/lang/Object; @ 203
Event: 3.166 Thread 0x000000005731e000 Uncommon trap: reason=class_check action=maybe_recompile pc=0x0000000002cb9a2c method=java.util.HashMap.putVal(ILjava/lang/Object;Ljava/lang/Object;ZZ)Ljava/lang/Object; @ 203
Event: 3.476 Thread 0x000000005731e000 Uncommon trap: reason=unreached action=reinterpret pc=0x0000000002ca9500 method=java.lang.AbstractStringBuilder.append(Ljava/lang/String;)Ljava/lang/AbstractStringBuilder; @ 1
Event: 3.476 Thread 0x000000005731e000 Uncommon trap: reason=unreached action=reinterpret pc=0x0000000002ba2bb0 method=java.lang.AbstractStringBuilder.append(Ljava/lang/String;)Ljava/lang/AbstractStringBuilder; @ 1

Internal exceptions (10 events):
Event: 3.810 Thread 0x000000005731e000 Exception <a 'java/security/PrivilegedActionException'> (0x00000000ebd76240) thrown at [D:\re\workspace\8-2-build-windows-amd64-cygwin\jdk8u25\1677\hotspot\src\share\vm\prims\jvm.cpp, line 1312]
Event: 3.810 Thread 0x000000005731e000 Exception <a 'java/security/PrivilegedActionException'> (0x00000000ebd79740) thrown at [D:\re\workspace\8-2-build-windows-amd64-cygwin\jdk8u25\1677\hotspot\src\share\vm\prims\jvm.cpp, line 1312]
Event: 3.810 Thread 0x000000005731e000 Exception <a 'java/security/PrivilegedActionException'> (0x00000000ebd7a3e8) thrown at [D:\re\workspace\8-2-build-windows-amd64-cygwin\jdk8u25\1677\hotspot\src\share\vm\prims\jvm.cpp, line 1312]
Event: 3.810 Thread 0x000000005731e000 Exception <a 'java/security/PrivilegedActionException'> (0x00000000ebd7d4a8) thrown at [D:\re\workspace\8-2-build-windows-amd64-cygwin\jdk8u25\1677\hotspot\src\share\vm\prims\jvm.cpp, line 1312]
Event: 3.811 Thread 0x000000005731e000 Exception <a 'java/security/PrivilegedActionException'> (0x00000000ebd7e0f0) thrown at [D:\re\workspace\8-2-build-windows-amd64-cygwin\jdk8u25\1677\hotspot\src\share\vm\prims\jvm.cpp, line 1312]
Event: 3.811 Thread 0x000000005731e000 Exception <a 'java/security/PrivilegedActionException'> (0x00000000ebd84ef0) thrown at [D:\re\workspace\8-2-build-windows-amd64-cygwin\jdk8u25\1677\hotspot\src\share\vm\prims\jvm.cpp, line 1312]
Event: 3.811 Thread 0x000000005731e000 Exception <a 'java/security/PrivilegedActionException'> (0x00000000ebd87de0) thrown at [D:\re\workspace\8-2-build-windows-amd64-cygwin\jdk8u25\1677\hotspot\src\share\vm\prims\jvm.cpp, line 1312]
Event: 3.811 Thread 0x000000005731e000 Exception <a 'java/security/PrivilegedActionException'> (0x00000000ebd887a8) thrown at [D:\re\workspace\8-2-build-windows-amd64-cygwin\jdk8u25\1677\hotspot\src\share\vm\prims\jvm.cpp, line 1312]
Event: 3.811 Thread 0x000000005731e000 Exception <a 'java/security/PrivilegedActionException'> (0x00000000ebd8dcb0) thrown at [D:\re\workspace\8-2-build-windows-amd64-cygwin\jdk8u25\1677\hotspot\src\share\vm\prims\jvm.cpp, line 1312]
Event: 3.811 Thread 0x000000005731e000 Exception <a 'java/security/PrivilegedActionException'> (0x00000000ebd8e7b8) thrown at [D:\re\workspace\8-2-build-windows-amd64-cygwin\jdk8u25\1677\hotspot\src\share\vm\prims\jvm.cpp, line 1312]

Events (10 events):
Event: 3.810 loading class org/gradle/profile/ContinuousOperation done
Event: 3.810 loading class org/gradle/profile/Operation
Event: 3.810 loading class org/gradle/profile/Operation done
Event: 3.810 loading class org/gradle/api/internal/artifacts/repositories/ResolutionAwareRepository
Event: 3.810 loading class org/gradle/api/internal/artifacts/repositories/ResolutionAwareRepository done
Event: 3.811 loading class org/gradle/internal/Transformers
Event: 3.811 loading class org/gradle/internal/Transformers done
Event: 3.811 loading class org/gradle/internal/Transformers$CastingTransformer
Event: 3.811 loading class org/gradle/internal/Transformers$CastingTransformer done
Event: 3.811 Executing VM operation: CollectForMetadataAllocation


Dynamic libraries:
0x000000013f600000 - 0x000000013f634000 	C:\Program Files\Java\jdk1.8.0_25\bin\java.exe
0x0000000076db0000 - 0x0000000076f59000 	C:\Windows\SYSTEM32\ntdll.dll
0x0000000076c90000 - 0x0000000076daf000 	C:\Windows\system32\kernel32.dll
0x000007fefcbb0000 - 0x000007fefcc1c000 	C:\Windows\system32\KERNELBASE.dll
0x000007fefeb50000 - 0x000007fefec2b000 	C:\Windows\system32\ADVAPI32.dll
0x000007fefe150000 - 0x000007fefe1ef000 	C:\Windows\system32\msvcrt.dll
0x000007fefe1f0000 - 0x000007fefe20f000 	C:\Windows\SYSTEM32\sechost.dll
0x000007fefcf40000 - 0x000007fefd06d000 	C:\Windows\system32\RPCRT4.dll
0x0000000076b90000 - 0x0000000076c8a000 	C:\Windows\system32\USER32.dll
0x000007fefe620000 - 0x000007fefe687000 	C:\Windows\system32\GDI32.dll
0x000007fefe610000 - 0x000007fefe61e000 	C:\Windows\system32\LPK.dll
0x000007fefe690000 - 0x000007fefe759000 	C:\Windows\system32\USP10.dll
0x000007fefb210000 - 0x000007fefb404000 	C:\Windows\WinSxS\amd64_microsoft.windows.common-controls_6595b64144ccf1df_6.0.7601.17514_none_fa396087175ac9ac\COMCTL32.dll
0x000007fefd070000 - 0x000007fefd0e1000 	C:\Windows\system32\SHLWAPI.dll
0x000007fefded0000 - 0x000007fefdefe000 	C:\Windows\system32\IMM32.DLL
0x000007fefe420000 - 0x000007fefe529000 	C:\Windows\system32\MSCTF.dll
0x0000000061d80000 - 0x0000000061e52000 	C:\Program Files\Java\jdk1.8.0_25\jre\bin\msvcr100.dll
0x00000000658c0000 - 0x000000006611a000 	C:\Program Files\Java\jdk1.8.0_25\jre\bin\server\jvm.dll
0x000007fef62a0000 - 0x000007fef62a9000 	C:\Windows\system32\WSOCK32.dll
0x000007fefde80000 - 0x000007fefdecd000 	C:\Windows\system32\WS2_32.dll
0x000007fefcf30000 - 0x000007fefcf38000 	C:\Windows\system32\NSI.dll
0x000007fef6230000 - 0x000007fef626b000 	C:\Windows\system32\WINMM.dll
0x0000000076f70000 - 0x0000000076f77000 	C:\Windows\system32\PSAPI.DLL
0x000000006a3c0000 - 0x000000006a3cf000 	C:\Program Files\Java\jdk1.8.0_25\jre\bin\verify.dll
0x0000000067700000 - 0x0000000067728000 	C:\Program Files\Java\jdk1.8.0_25\jre\bin\java.dll
0x00000000676e0000 - 0x00000000676f6000 	C:\Program Files\Java\jdk1.8.0_25\jre\bin\zip.dll
0x000007fefd0f0000 - 0x000007fefde78000 	C:\Windows\system32\SHELL32.dll
0x000007fefe210000 - 0x000007fefe413000 	C:\Windows\system32\ole32.dll
0x000007fefcb80000 - 0x000007fefcb8f000 	C:\Windows\system32\profapi.dll
0x000007fefc3b0000 - 0x000007fefc3c7000 	C:\Windows\system32\CRYPTSP.dll
0x000007fefc0b0000 - 0x000007fefc0f7000 	C:\Windows\system32\rsaenh.dll
0x000007fefcef0000 - 0x000007fefcf0e000 	C:\Windows\system32\USERENV.dll
0x000007fefca10000 - 0x000007fefca1f000 	C:\Windows\system32\CRYPTBASE.dll
0x0000000067240000 - 0x000000006725a000 	C:\Program Files\Java\jdk1.8.0_25\jre\bin\net.dll
0x000007fefc350000 - 0x000007fefc3a5000 	C:\Windows\system32\mswsock.dll
0x000007fefc340000 - 0x000007fefc347000 	C:\Windows\System32\wship6.dll
0x000007fefa890000 - 0x000007fefa8b7000 	C:\Windows\system32\IPHLPAPI.DLL
0x000007fefa850000 - 0x000007fefa85b000 	C:\Windows\system32\WINNSI.DLL
0x000007fefa750000 - 0x000007fefa761000 	C:\Windows\system32\dhcpcsvc6.DLL
0x000007fefa2f0000 - 0x000007fefa308000 	C:\Windows\system32\dhcpcsvc.DLL
0x0000000067220000 - 0x0000000067231000 	C:\Program Files\Java\jdk1.8.0_25\jre\bin\nio.dll
0x000007fef64f0000 - 0x000007fef6502000 	C:\Users\JHong\AppData\Local\Temp\native-platform6297626386432281227dir\native-platform.dll
0x000007fefc9b0000 - 0x000007fefca07000 	C:\Windows\system32\apphelp.dll
0x000007fef12e0000 - 0x000007fef1405000 	C:\Windows\system32\dbghelp.dll

VM Arguments:
jvm_args: -XX:MaxPermSize=256m -XX:+HeapDumpOnOutOfMemoryError -Xmx1024m -Dfile.encoding=GBK -Duser.country=CN -Duser.language=zh -Duser.variant 
java_command: org.gradle.launcher.daemon.bootstrap.GradleDaemon 2.2.1 C:\Users\JHong\.gradle\daemon 10800000 1c065cd0-e4bb-4348-bb30-e3e8361116c4 -XX:MaxPermSize=256m -XX:+HeapDumpOnOutOfMemoryError -Xmx1024m -Dfile.encoding=GBK -Duser.country=CN -Duser.language=zh -Duser.variant
java_class_path (initial): C:\Users\JHong\.gradle\wrapper\dists\gradle-2.2.1-all\c64ydeuardnfqctvr1gm30w53\gradle-2.2.1\lib\gradle-launcher-2.2.1.jar
Launcher Type: SUN_STANDARD

Environment Variables:
JAVA_HOME=C:\Program Files\Java\jdk1.8.0_25
CLASSPATH=.;C:\Program Files\Java\jdk1.8.0_25\lib\dt.jar;C:\Program Files\Java\jdk1.8.0_25\lib\tools.jar;
PATH=C:\Windows\system32;C:\Windows;C:\Windows\System32\Wbem;C:\Windows\System32\WindowsPowerShell\v1.0\;D:\Program Files\android-sdk-windows\tools;C:\Ruby22-x64\bin;.;C:\Program Files\Java\jdk1.8.0_25\lib;C:\Program Files\Java\jdk1.8.0_25\bin;C:\Program Files\Java\jdk1.8.0_25\jre\bin;D:\adt_bundle\sdk\platform-tools;C:\Python34;C:\Python34\Scripts
USERNAME=JHong
OS=Windows_NT
PROCESSOR_IDENTIFIER=Intel64 Family 6 Model 23 Stepping 6, GenuineIntel



---------------  S Y S T E M  ---------------

OS: Windows 7 , 64 bit Build 7601 Service Pack 1

CPU:total 2 (2 cores per cpu, 1 threads per core) family 6 model 23 stepping 6, cmov, cx8, fxsr, mmx, sse, sse2, sse3, ssse3, sse4.1, tsc

Memory: 4k page, physical 4123900k(2007448k free), swap 8245936k(5640080k free)

vm_info: Java HotSpot(TM) 64-Bit Server VM (25.25-b02) for windows-amd64 JRE (1.8.0_25-b18), built on Oct  7 2014 14:25:37 by "java_re" with MS VC++ 10.0 (VS2010)

time: Wed May 13 08:40:27 2015
elapsed time: 3 seconds (0d 0h 0m 3s)

